<?xml version="1.0" encoding="UTF-8"?>
<!-- Generated by org.testng.reporters.JUnitReportReporter -->
<testsuite skipped="0" hostname="DESKTOP-R0QK2O8" name="demo.DemoCommonDriver" tests="1" failures="0" timestamp="07 Aug 2019 19:37:12 GMT" time="18.550" errors="0">
  <testcase name="verifyCommonDriver" time="18.550" classname="demo.DemoCommonDriver"/>
</testsuite> <!-- demo.DemoCommonDriver -->
